<?xml version="1.0" encoding="UTF-8"?>
<!-- Generated by org.testng.reporters.JUnitReportReporter -->
<testsuite hostname="Atuls-MacBook-Air.local" failures="0" tests="1" name="testCases.TC_006_EndToEndTest" time="35.574" errors="0" timestamp="2024-03-21T19:17:31 EDT" skipped="0">
  <testcase classname="testCases.TC_006_EndToEndTest" name="endToendTest" time="35.574"/>
</testsuite> <!-- testCases.TC_006_EndToEndTest -->
