<?xml version="1.0" encoding="UTF-8"?>
<!-- Generated by org.testng.reporters.JUnitReportReporter -->
<testsuite hostname="Atuls-MacBook-Air.local" failures="0" tests="1" name="testCases.TC_005_AddToCartPageTest" time="5.753" errors="0" timestamp="2024-03-21T18:51:22 EDT" skipped="0">
  <testcase classname="testCases.TC_005_AddToCartPageTest" name="verify_addToCart" time="5.753"/>
</testsuite> <!-- testCases.TC_005_AddToCartPageTest -->
