<?xml version="1.0" encoding="UTF-8"?>
<!-- Generated by org.testng.reporters.JUnitReportReporter -->
<testsuite hostname="Atuls-MacBook-Air.local" failures="0" tests="1" name="testCases.TC_004_SearchProductTest" time="0.378" errors="0" timestamp="2024-03-21T15:35:27 EDT" skipped="0">
  <testcase classname="testCases.TC_004_SearchProductTest" name="verify_productSearch" time="0.378"/>
</testsuite> <!-- testCases.TC_004_SearchProductTest -->
