<?xml version="1.0" encoding="UTF-8"?>
<!-- Generated by org.testng.reporters.JUnitReportReporter -->
<testsuite hostname="Atuls-MacBook-Air.local" failures="0" tests="1" name="testCases.TC_002_LoginTest" time="0.428" errors="0" timestamp="2024-03-17T18:16:06 EDT" skipped="0">
  <testcase classname="testCases.TC_002_LoginTest" name="verify_login" time="0.428"/>
</testsuite> <!-- testCases.TC_002_LoginTest -->
