<?xml version="1.0" encoding="UTF-8"?>
<!-- Generated by org.testng.reporters.JUnitReportReporter -->
<testsuite hostname="Atuls-MacBook-Air.local" failures="0" tests="1" name="testCases.TC_001_AccountRegistrationTest" time="0.666" errors="0" timestamp="2024-03-17T18:16:06 EDT" skipped="0">
  <testcase classname="testCases.TC_001_AccountRegistrationTest" name="verify_account_registration" time="0.666"/>
</testsuite> <!-- testCases.TC_001_AccountRegistrationTest -->
